빌드 시작: 2015-09-24 오후 9:13:48
     1>2 노드의 "C:\Users\Administrator\Documents\Visual Studio 2010\Projects\NateOn_Response\NateOn_Response\NateOn_Response.vcxproj" 프로젝트(build 대상)입니다.
     1>InitializeBuildStatus:
         "AlwaysCreate"이(가) 지정되었기 때문에 "Debug\NateOn_Response.unsuccessfulbuild"을(를) 만들고 있습니다.
       ClCompile:
         C:\Program Files (x86)\Microsoft Visual Studio 10.0\VC\bin\CL.exe /c /ZI /nologo /W3 /WX- /Od /Oy- /D WIN32 /D _DEBUG /D _WINDOWS /D _UNICODE /D UNICODE /Gm /EHsc /RTC1 /MDd /GS /fp:precise /Zc:wchar_t /Zc:forScope /Fo"Debug\\" /Fd"Debug\vc100.pdb" /Gd /TP /analyze- /errorReport:prompt WinMain.cpp
         WinMain.cpp
     1>c:\users\administrator\documents\visual studio 2010\projects\nateon_response\nateon_response\winmain.cpp(56): warning C4800: 'BOOL' : 'true' 또는 'false'로 bool 값을 강제하고 있습니다(성능 경고).
     1>c:\users\administrator\documents\visual studio 2010\projects\nateon_response\nateon_response\winmain.cpp(71): warning C4101: 'i' :참조되지 않은 지역 변수입니다.
       ResourceCompile:
         모든 출력이 최신 상태입니다.
       ManifestResourceCompile:
         모든 출력이 최신 상태입니다.
       Link:
         C:\Program Files (x86)\Microsoft Visual Studio 10.0\VC\bin\link.exe /ERRORREPORT:PROMPT /OUT:"C:\Users\Administrator\Documents\Visual Studio 2010\Projects\NateOn_Response\Debug\NateOn_Response.exe" /INCREMENTAL /NOLOGO kernel32.lib user32.lib gdi32.lib winspool.lib comdlg32.lib advapi32.lib shell32.lib ole32.lib oleaut32.lib uuid.lib odbc32.lib odbccp32.lib /MANIFEST /ManifestFile:"Debug\NateOn_Response.exe.intermediate.manifest" /MANIFESTUAC:"level='asInvoker' uiAccess='false'" /DEBUG /PDB:"C:\Users\Administrator\Documents\Visual Studio 2010\Projects\NateOn_Response\Debug\NateOn_Response.pdb" /SUBSYSTEM:WINDOWS /TLBID:1 /DYNAMICBASE /NXCOMPAT /IMPLIB:"C:\Users\Administrator\Documents\Visual Studio 2010\Projects\NateOn_Response\Debug\NateOn_Response.lib" /MACHINE:X86 Debug\Resource.res
         Debug\NateOn_Response.exe.embed.manifest.res
         Debug\Func.obj
         Debug\SearchWindow.obj
         Debug\WinMain.obj
       Manifest:
         c:\Program Files (x86)\Microsoft SDKs\Windows\v7.0A\bin\mt.exe /nologo /verbose /out:"Debug\NateOn_Response.exe.embed.manifest" /manifest Debug\NateOn_Response.exe.intermediate.manifest
         모든 출력이 최신 상태입니다.
       LinkEmbedManifest:
         모든 출력이 최신 상태입니다.
         NateOn_Response.vcxproj -> C:\Users\Administrator\Documents\Visual Studio 2010\Projects\NateOn_Response\Debug\NateOn_Response.exe
       FinalizeBuildStatus:
         "Debug\NateOn_Response.unsuccessfulbuild" 파일을 삭제하고 있습니다.
         "Debug\NateOn_Response.lastbuildstate"에 연결(touching)하고 있습니다.
     1>"C:\Users\Administrator\Documents\Visual Studio 2010\Projects\NateOn_Response\NateOn_Response\NateOn_Response.vcxproj" 프로젝트를 빌드했습니다(build 대상).

빌드했습니다.

경과 시간: 00:00:00.90
