빌드 시작: 2015-10-18 오전 2:59:53
     1>2 노드의 "C:\Users\Administrator\Documents\Visual Studio 2010\Projects\NateOn_Response\NateOn_Response\NateOn_Response.vcxproj" 프로젝트(Build 대상)입니다.
     1>ClCompile:
         C:\Program Files (x86)\Microsoft Visual Studio 14.0\VC\bin\CL.exe /c /Zi /nologo /W3 /WX- /O2 /Oi /Oy- /GL /D WIN32 /D NDEBUG /D _WINDOWS /D _USING_V110_SDK71_ /D _UNICODE /D UNICODE /Gm- /EHsc /MT /GS /Gy /fp:precise /Zc:wchar_t /Zc:forScope /Zc:inline /Fo"Release\\" /Fd"Release\vc140.pdb" /Gd /TP /analyze- /errorReport:prompt Func.cpp WinMain.cpp
         Func.cpp
         WinMain.cpp
     1>WinMain.cpp(56): warning C4800: 'BOOL': 'true' 또는 'false'로 bool 값을 강제하고 있습니다(성능 경고).
     1>WinMain.cpp(71): warning C4101: 'i' :참조되지 않은 지역 변수입니다.
       Link:
         C:\Program Files (x86)\Microsoft Visual Studio 14.0\VC\bin\link.exe /ERRORREPORT:PROMPT /OUT:"C:\Users\Administrator\Documents\Visual Studio 2010\Projects\NateOn_Response\Release\NateOn_Response.exe" /INCREMENTAL:NO /NOLOGO kernel32.lib user32.lib gdi32.lib winspool.lib comdlg32.lib advapi32.lib shell32.lib ole32.lib oleaut32.lib uuid.lib odbc32.lib odbccp32.lib /MANIFEST /MANIFESTUAC:"level='asInvoker' uiAccess='false'" /manifest:embed /Debug /PDB:"C:\Users\Administrator\Documents\Visual Studio 2010\Projects\NateOn_Response\Release\NateOn_Response.pdb" /SUBSYSTEM:WINDOWS,"5.01" /OPT:REF /OPT:ICF /LTCG:incremental /TLBID:1 /DYNAMICBASE /NXCOMPAT /IMPLIB:"C:\Users\Administrator\Documents\Visual Studio 2010\Projects\NateOn_Response\Release\NateOn_Response.lib" /MACHINE:X86 /SAFESEH Release\Resource.res
         Release\Func.obj
         Release\SearchWindow.obj
         Release\WinMain.obj
         코드를 생성하고 있습니다.
         6 of 12 functions (50.0%) were compiled, the rest were copied from previous compilation.
           1 functions were new in current compilation
           1 functions had inline decision re-evaluated but remain unchanged
         코드를 생성했습니다.
         NateOn_Response.vcxproj -> C:\Users\Administrator\Documents\Visual Studio 2010\Projects\NateOn_Response\Release\NateOn_Response.exe
     1>"C:\Users\Administrator\Documents\Visual Studio 2010\Projects\NateOn_Response\NateOn_Response\NateOn_Response.vcxproj" 프로젝트를 빌드했습니다(Build 대상).

빌드했습니다.

경과 시간: 00:00:03.26
